TN:
SF:src/lib/client-error-reporting.ts
FN:1,__name
FN:1,__export
FN:1,__copyProps
FN:1,get
FN:1,__toESM
FN:1,__toCommonJS
FN:1,reportClientError
FN:1,serializeClientError
FN:7,serializeClientError
FN:17,reportClientError
FNF:10
FNH:7
FNDA:2,__name
FNDA:1,__export
FNDA:1,__copyProps
FNDA:1,get
FNDA:0,__toESM
FNDA:1,__toCommonJS
FNDA:0,reportClientError
FNDA:1,serializeClientError
FNDA:1,serializeClientError
FNDA:0,reportClientError
DA:1,1
DA:2,1
DA:3,1
DA:4,1
DA:5,1
DA:6,1
DA:7,1
DA:8,1
DA:9,1
DA:10,1
DA:11,1
DA:12,1
DA:13,1
DA:14,1
DA:15,1
DA:16,1
DA:17,1
DA:18,0
DA:19,0
DA:20,0
DA:21,0
DA:22,0
DA:23,0
DA:24,0
DA:25,0
DA:26,0
DA:27,0
DA:28,0
DA:29,0
DA:30,0
DA:31,0
DA:32,0
DA:33,0
DA:34,0
DA:35,0
DA:36,0
LF:36
LH:17
BRDA:17,0,0,0
BRDA:1,1,0,2
BRDA:1,2,0,1
BRDA:1,3,0,2
BRDA:1,4,0,1
BRDA:1,5,0,0
BRDA:1,6,0,2
BRDA:1,7,0,1
BRDA:1,8,0,1
BRDA:1,9,0,1
BRDA:7,10,0,1
BRF:11
BRH:9
end_of_record
TN:
SF:src/lib/logger.ts
FN:1,__name
FN:1,__export
FN:1,__copyProps
FN:1,get
FN:1,__toCommonJS
FN:1,getRequestId
FN:1,logError
FN:1,logInfo
FN:1,logWarn
FN:23,normalizeError
FN:50,output
FN:57,logError
FN:75,logWarn
FN:92,logInfo
FN:108,getRequestId
FNF:15
FNH:13
FNDA:36,__name
FNDA:6,__export
FNDA:6,__copyProps
FNDA:26,get
FNDA:6,__toCommonJS
FNDA:0,getRequestId
FNDA:10,logError
FNDA:3,logInfo
FNDA:13,logWarn
FNDA:10,normalizeError
FNDA:26,output
FNDA:10,logError
FNDA:13,logWarn
FNDA:3,logInfo
FNDA:0,getRequestId
DA:1,13
DA:2,1
DA:3,1
DA:4,1
DA:5,1
DA:6,1
DA:7,1
DA:8,1
DA:9,1
DA:10,1
DA:11,1
DA:12,1
DA:13,1
DA:14,1
DA:15,1
DA:16,1
DA:17,1
DA:18,1
DA:19,1
DA:20,1
DA:21,1
DA:22,1
DA:23,10
DA:24,10
DA:25,10
DA:26,10
DA:27,8
DA:28,8
DA:29,8
DA:30,8
DA:31,8
DA:32,8
DA:33,8
DA:34,0
DA:35,0
DA:36,8
DA:37,0
DA:38,0
DA:39,8
DA:40,8
DA:41,8
DA:42,10
DA:43,10
DA:44,10
DA:45,1
DA:46,1
DA:47,1
DA:48,1
DA:49,1
DA:50,26
DA:51,26
DA:52,26
DA:53,1
DA:54,1
DA:55,1
DA:56,1
DA:57,1
DA:58,10
DA:59,10
DA:60,10
DA:61,10
DA:62,10
DA:63,10
DA:64,10
DA:65,10
DA:66,10
DA:67,10
DA:68,10
DA:69,10
DA:70,1
DA:71,1
DA:72,1
DA:73,1
DA:74,1
DA:75,1
DA:76,13
DA:77,13
DA:78,13
DA:79,13
DA:80,13
DA:81,13
DA:82,13
DA:83,13
DA:84,13
DA:85,13
DA:86,13
DA:87,13
DA:88,1
DA:89,1
DA:90,1
DA:91,1
DA:92,1
DA:93,3
DA:94,3
DA:95,3
DA:96,3
DA:97,3
DA:98,3
DA:99,3
DA:100,3
DA:101,3
DA:102,3
DA:103,1
DA:104,1
DA:105,1
DA:106,1
DA:107,1
DA:108,1
DA:109,0
DA:110,0
DA:111,0
DA:112,0
DA:113,0
DA:114,0
LF:114
LH:104
BRDA:108,0,0,0
BRDA:1,1,0,36
BRDA:1,2,0,6
BRDA:1,3,0,24
BRDA:1,4,0,6
BRDA:1,5,0,0
BRDA:1,6,0,24
BRDA:1,7,0,26
BRDA:1,8,0,6
BRDA:1,9,0,10
BRDA:1,10,0,3
BRDA:1,11,0,13
BRDA:23,12,0,10
BRDA:24,13,0,1
BRDA:26,14,0,9
BRDA:26,15,0,8
BRDA:33,16,0,0
BRDA:33,17,0,0
BRDA:36,18,0,0
BRDA:36,19,0,0
BRDA:43,20,0,1
BRDA:50,21,0,26
BRDA:57,22,0,10
BRDA:75,23,0,13
BRDA:84,24,0,0
BRDA:92,25,0,3
BRF:26
BRH:19
end_of_record
TN:
SF:src/lib/observability.ts
FN:1,__name
FN:1,__export
FN:1,__copyProps
FN:1,get
FN:1,__toESM
FN:1,__toCommonJS
FN:1,reportError
FN:6,serializeError
FN:20,reportError
FNF:9
FNH:8
FNDA:10,__name
FNDA:5,__export
FNDA:5,__copyProps
FNDA:6,get
FNDA:0,__toESM
FNDA:5,__toCommonJS
FNDA:6,reportError
FNDA:5,serializeError
FNDA:5,reportError
DA:1,6
DA:2,1
DA:3,1
DA:4,1
DA:5,1
DA:6,5
DA:7,5
DA:8,5
DA:9,5
DA:10,5
DA:11,5
DA:12,5
DA:13,5
DA:14,5
DA:15,5
DA:16,0
DA:17,0
DA:18,5
DA:19,1
DA:20,1
DA:21,5
DA:22,5
DA:23,5
DA:24,5
DA:25,5
DA:26,5
DA:27,5
DA:28,5
DA:29,5
DA:30,5
DA:31,5
DA:32,5
DA:33,5
DA:34,5
DA:35,5
DA:36,5
DA:37,5
DA:38,5
DA:39,5
DA:40,5
DA:41,5
DA:42,5
DA:43,5
DA:44,5
DA:45,5
DA:46,5
DA:47,5
DA:48,5
DA:49,5
DA:50,5
DA:51,0
DA:52,0
DA:53,0
DA:54,0
DA:55,0
DA:56,0
DA:57,0
DA:58,0
DA:59,0
DA:60,0
DA:61,0
DA:62,0
DA:63,0
DA:64,5
LF:64
LH:49
BRDA:20,0,0,0
BRDA:1,1,0,10
BRDA:1,2,0,5
BRDA:1,3,0,5
BRDA:1,4,0,0
BRDA:1,5,0,6
BRDA:1,6,0,5
BRDA:1,7,0,6
BRDA:6,8,0,5
BRDA:15,9,0,0
BRDA:20,10,0,5
BRDA:30,11,0,1
BRDA:38,12,0,4
BRDA:38,13,0,0
BRDA:50,14,0,0
BRF:15
BRH:10
end_of_record
TN:
SF:src/lib/ops-alerting.ts
FN:1,__name
FN:1,__export
FN:1,__copyProps
FN:1,get
FN:1,__toCommonJS
FN:1,sendOpsAlert
FN:11,sendOpsAlert
FNF:7
FNH:7
FNDA:5,__name
FNDA:5,__export
FNDA:5,__copyProps
FNDA:5,get
FNDA:5,__toCommonJS
FNDA:5,sendOpsAlert
FNDA:5,sendOpsAlert
DA:1,5
DA:2,1
DA:3,1
DA:4,1
DA:5,1
DA:6,1
DA:7,1
DA:8,1
DA:9,1
DA:10,1
DA:11,5
DA:12,5
DA:13,5
DA:14,5
DA:15,5
DA:16,5
DA:17,5
DA:18,5
DA:19,0
DA:20,0
DA:21,0
DA:22,0
DA:23,0
DA:24,0
DA:25,0
DA:26,5
DA:27,5
DA:28,5
DA:29,5
DA:30,5
DA:31,5
DA:32,5
DA:33,5
DA:34,5
DA:35,5
DA:36,0
DA:37,5
DA:38,5
LF:38
LH:30
BRDA:11,0,0,0
BRDA:1,1,0,5
BRDA:1,2,0,5
BRDA:1,3,0,5
BRDA:1,4,0,0
BRDA:1,5,0,5
BRDA:1,6,0,5
BRDA:1,7,0,5
BRDA:11,8,0,5
BRDA:12,9,0,0
BRDA:17,10,0,0
BRDA:18,11,0,0
BRDA:18,12,0,0
BRDA:32,13,0,0
BRF:14
BRH:7
end_of_record
TN:
SF:src/lib/ops-events.ts
FN:1,__name
FN:1,__export
FN:1,__copyProps
FN:1,get
FN:1,__toCommonJS
FN:1,getRequestId
FN:1,recordOperationalEvent
FN:17,getRequestId
FN:25,recordOperationalEvent
FNF:9
FNH:7
FNDA:4,__name
FNDA:2,__export
FNDA:2,__copyProps
FNDA:3,get
FNDA:2,__toCommonJS
FNDA:0,getRequestId
FNDA:3,recordOperationalEvent
FNDA:0,getRequestId
FNDA:2,recordOperationalEvent
DA:1,1
DA:2,1
DA:3,1
DA:4,1
DA:5,1
DA:6,1
DA:7,1
DA:8,1
DA:9,1
DA:10,1
DA:11,1
DA:12,1
DA:13,1
DA:14,1
DA:15,1
DA:16,1
DA:17,1
DA:18,0
DA:19,0
DA:20,0
DA:21,0
DA:22,0
DA:23,0
DA:24,1
DA:25,2
DA:26,2
DA:27,2
DA:28,2
DA:29,2
DA:30,2
DA:31,2
DA:32,2
DA:33,2
DA:34,2
DA:35,2
DA:36,2
DA:37,2
DA:38,2
DA:39,2
DA:40,0
DA:41,0
DA:42,0
DA:43,0
DA:44,0
DA:45,0
DA:46,2
DA:47,2
DA:48,2
DA:49,2
DA:50,2
DA:51,2
DA:52,2
DA:53,2
LF:53
LH:41
BRDA:25,0,0,0
BRDA:1,1,0,4
BRDA:1,2,0,2
BRDA:1,3,0,4
BRDA:1,4,0,2
BRDA:1,5,0,0
BRDA:1,6,0,4
BRDA:1,7,0,3
BRDA:1,8,0,2
BRDA:1,9,0,3
BRDA:25,10,0,2
BRDA:32,11,0,0
BRDA:33,12,0,0
BRDA:34,13,0,0
BRDA:35,14,0,0
BRDA:36,15,0,0
BRDA:39,16,0,0
BRF:17
BRH:9
end_of_record
TN:
SF:src/lib/phone.ts
FN:1,__name
FN:1,__export
FN:1,__copyProps
FN:1,get
FN:1,__toCommonJS
FN:1,normalizeRoPhone
FN:2,normalizeRoPhone
FNF:7
FNH:7
FNDA:2,__name
FNDA:2,__export
FNDA:2,__copyProps
FNDA:19,get
FNDA:2,__toCommonJS
FNDA:19,normalizeRoPhone
FNDA:19,normalizeRoPhone
DA:1,19
DA:2,1
DA:3,19
DA:4,19
DA:5,19
DA:6,19
DA:7,19
DA:8,19
DA:9,1
DA:10,1
DA:11,19
DA:12,19
DA:13,17
DA:14,17
DA:15,19
DA:16,19
DA:17,0
DA:18,0
DA:19,19
DA:20,19
DA:21,1
DA:22,1
DA:23,19
DA:24,19
DA:25,0
DA:26,0
DA:27,0
DA:28,0
DA:29,19
LF:29
LH:23
BRDA:2,0,0,0
BRDA:1,1,0,2
BRDA:1,2,0,2
BRDA:1,3,0,2
BRDA:1,4,0,0
BRDA:1,5,0,19
BRDA:1,6,0,2
BRDA:1,7,0,19
BRDA:2,8,0,19
BRDA:4,9,0,0
BRDA:8,10,0,1
BRDA:12,11,0,18
BRDA:12,12,0,17
BRDA:12,13,0,17
BRDA:16,14,0,1
BRDA:16,15,0,0
BRDA:16,16,0,0
BRDA:20,17,0,1
BRDA:20,18,0,1
BRDA:24,19,0,0
BRF:20
BRH:14
end_of_record
TN:
SF:src/lib/program.ts
FN:1,__name
FN:1,__export
FN:1,__copyProps
FN:1,get
FN:1,__toCommonJS
FN:1,DEFAULT_PROGRAM
FN:1,ZILE_ORDINE
FN:1,extractProgramPauza
FN:1,extractProgramSlotConfig
FN:1,getProgramSlotConfig
FN:1,parseProgramJson
FN:1,serializeProgram
FN:1,withProgramPauza
FN:1,withProgramSlotConfig
FN:1,ziKeyFromDate
FN:42,ziKeyFromDate
FN:47,parseProgramJson
FN:62,parseHHMM
FN:69,normalizeFixedStepMinutes
FN:75,normalizeSlotConfig
FN:91,extractProgramPauza
FN:110,extractProgramSlotConfig
FN:133,getProgramSlotConfig
FN:137,serializeProgram
FN:168,withProgramPauza
FN:177,withProgramSlotConfig
FNF:26
FNH:10
FNDA:11,__name
FNDA:1,__export
FNDA:1,__copyProps
FNDA:21,get
FNDA:1,__toCommonJS
FNDA:0,DEFAULT_PROGRAM
FNDA:0,ZILE_ORDINE
FNDA:0,extractProgramPauza
FNDA:0,extractProgramSlotConfig
FNDA:1,getProgramSlotConfig
FNDA:0,parseProgramJson
FNDA:0,serializeProgram
FNDA:0,withProgramPauza
FNDA:0,withProgramSlotConfig
FNDA:20,ziKeyFromDate
FNDA:20,ziKeyFromDate
FNDA:0,parseProgramJson
FNDA:0,parseHHMM
FNDA:0,normalizeFixedStepMinutes
FNDA:0,normalizeSlotConfig
FNDA:0,extractProgramPauza
FNDA:1,extractProgramSlotConfig
FNDA:1,getProgramSlotConfig
FNDA:0,serializeProgram
FNDA:0,withProgramPauza
FNDA:0,withProgramSlotConfig
DA:1,20
DA:2,1
DA:3,1
DA:4,1
DA:5,1
DA:6,1
DA:7,1
DA:8,1
DA:9,1
DA:10,1
DA:11,1
DA:12,1
DA:13,1
DA:14,1
DA:15,1
DA:16,1
DA:17,1
DA:18,1
DA:19,1
DA:20,1
DA:21,1
DA:22,1
DA:23,1
DA:24,1
DA:25,1
DA:26,1
DA:27,1
DA:28,1
DA:29,1
DA:30,1
DA:31,1
DA:32,1
DA:33,1
DA:34,1
DA:35,1
DA:36,1
DA:37,1
DA:38,1
DA:39,1
DA:40,1
DA:41,1
DA:42,1
DA:43,20
DA:44,20
DA:45,20
DA:46,1
DA:47,1
DA:48,0
DA:49,0
DA:50,0
DA:51,0
DA:52,0
DA:53,0
DA:54,0
DA:55,0
DA:56,0
DA:57,0
DA:58,0
DA:59,0
DA:60,0
DA:61,1
DA:62,0
DA:63,0
DA:64,0
DA:65,0
DA:66,0
DA:67,0
DA:68,1
DA:69,0
DA:70,0
DA:71,0
DA:72,0
DA:73,0
DA:74,1
DA:75,0
DA:76,0
DA:77,0
DA:78,0
DA:79,0
DA:80,0
DA:81,0
DA:82,0
DA:83,0
DA:84,0
DA:85,0
DA:86,0
DA:87,0
DA:88,0
DA:89,0
DA:90,1
DA:91,1
DA:92,0
DA:93,0
DA:94,0
DA:95,0
DA:96,0
DA:97,0
DA:98,0
DA:99,0
DA:100,0
DA:101,0
DA:102,0
DA:103,0
DA:104,0
DA:105,0
DA:106,0
DA:107,0
DA:108,0
DA:109,1
DA:110,1
DA:111,1
DA:112,1
DA:113,0
DA:114,1
DA:115,0
DA:116,0
DA:117,0
DA:118,0
DA:119,0
DA:120,0
DA:121,0
DA:122,0
DA:123,0
DA:124,0
DA:125,0
DA:126,0
DA:127,0
DA:128,0
DA:129,0
DA:130,0
DA:131,1
DA:132,1
DA:133,1
DA:134,1
DA:135,1
DA:136,1
DA:137,1
DA:138,0
DA:139,0
DA:140,0
DA:141,0
DA:142,0
DA:143,0
DA:144,0
DA:145,0
DA:146,0
DA:147,0
DA:148,0
DA:149,0
DA:150,0
DA:151,0
DA:152,0
DA:153,0
DA:154,0
DA:155,0
DA:156,0
DA:157,0
DA:158,0
DA:159,0
DA:160,0
DA:161,0
DA:162,0
DA:163,0
DA:164,0
DA:165,0
DA:166,0
DA:167,1
DA:168,1
DA:169,0
DA:170,0
DA:171,0
DA:172,0
DA:173,0
DA:174,0
DA:175,0
DA:176,1
DA:177,1
DA:178,0
DA:179,0
DA:180,0
DA:181,0
DA:182,0
DA:183,0
DA:184,0
LF:184
LH:68
BRDA:177,0,0,0
BRDA:1,1,0,11
BRDA:1,2,0,1
BRDA:1,3,0,10
BRDA:1,4,0,1
BRDA:1,5,0,0
BRDA:1,6,0,10
BRDA:1,7,0,21
BRDA:1,8,0,1
BRDA:1,9,0,1
BRDA:1,10,0,20
BRDA:42,11,0,20
BRDA:110,12,0,1
BRDA:111,13,0,0
BRDA:112,14,0,0
BRDA:114,15,0,0
BRDA:133,16,0,1
BRF:17
BRH:12
end_of_record
TN:
SF:src/lib/rate-limit.ts
FN:1,__name
FN:1,__export
FN:1,__copyProps
FN:1,get
FN:1,__toCommonJS
FN:1,checkApiRateLimit
FN:7,checkApiRateLimit
FNF:7
FNH:7
FNDA:2,__name
FNDA:2,__export
FNDA:2,__copyProps
FNDA:4,get
FNDA:2,__toCommonJS
FNDA:4,checkApiRateLimit
FNDA:3,checkApiRateLimit
DA:1,4
DA:2,1
DA:3,1
DA:4,1
DA:5,1
DA:6,1
DA:7,3
DA:8,3
DA:9,3
DA:10,3
DA:11,3
DA:12,3
DA:13,3
DA:14,3
DA:15,3
DA:16,3
DA:17,3
DA:18,3
DA:19,3
DA:20,3
DA:21,3
DA:22,3
DA:23,3
DA:24,2
DA:25,2
DA:26,2
DA:27,3
DA:28,3
DA:29,3
LF:29
LH:29
BRDA:7,0,0,0
BRDA:1,1,0,2
BRDA:1,2,0,2
BRDA:1,3,0,2
BRDA:1,4,0,0
BRDA:1,5,0,4
BRDA:1,6,0,2
BRDA:1,7,0,4
BRDA:7,8,0,3
BRDA:14,9,0,1
BRDA:14,10,0,2
BRDA:23,11,0,2
BRDA:28,12,0,1
BRF:13
BRH:11
end_of_record
TN:
SF:src/lib/slo-policy.ts
FN:1,__name
FN:1,__export
FN:1,__copyProps
FN:1,get
FN:1,__toCommonJS
FN:1,SLO_POLICY
FN:1,buildSloSnapshotFromRows
FN:1,computeSloSnapshot
FN:45,safeRate
FN:50,percentile95
FN:57,classifyRate
FN:63,classifyLatency
FN:69,buildSloSnapshotFromRows
FN:109,computeSloSnapshot
FNF:14
FNH:11
FNDA:6,__name
FNDA:1,__export
FNDA:1,__copyProps
FNDA:2,get
FNDA:1,__toCommonJS
FNDA:0,SLO_POLICY
FNDA:2,buildSloSnapshotFromRows
FNDA:0,computeSloSnapshot
FNDA:6,safeRate
FNDA:2,percentile95
FNDA:6,classifyRate
FNDA:2,classifyLatency
FNDA:2,buildSloSnapshotFromRows
FNDA:0,computeSloSnapshot
DA:1,1
DA:2,1
DA:3,1
DA:4,1
DA:5,1
DA:6,1
DA:7,1
DA:8,1
DA:9,1
DA:10,1
DA:11,1
DA:12,1
DA:13,1
DA:14,1
DA:15,1
DA:16,1
DA:17,1
DA:18,1
DA:19,1
DA:20,1
DA:21,1
DA:22,1
DA:23,1
DA:24,1
DA:25,1
DA:26,1
DA:27,1
DA:28,1
DA:29,1
DA:30,1
DA:31,1
DA:32,1
DA:33,1
DA:34,1
DA:35,1
DA:36,1
DA:37,1
DA:38,1
DA:39,1
DA:40,1
DA:41,1
DA:42,1
DA:43,1
DA:44,1
DA:45,6
DA:46,6
DA:47,6
DA:48,6
DA:49,1
DA:50,2
DA:51,2
DA:52,2
DA:53,2
DA:54,2
DA:55,2
DA:56,1
DA:57,6
DA:58,6
DA:59,6
DA:60,6
DA:61,6
DA:62,1
DA:63,2
DA:64,2
DA:65,2
DA:66,2
DA:67,2
DA:68,1
DA:69,1
DA:70,2
DA:71,2
DA:72,2
DA:73,2
DA:74,2
DA:75,2
DA:76,2
DA:77,2
DA:78,2
DA:79,2
DA:80,2
DA:81,2
DA:82,2
DA:83,2
DA:84,2
DA:85,2
DA:86,2
DA:87,2
DA:88,2
DA:89,2
DA:90,2
DA:91,2
DA:92,2
DA:93,2
DA:94,2
DA:95,2
DA:96,2
DA:97,2
DA:98,2
DA:99,2
DA:100,2
DA:101,2
DA:102,2
DA:103,2
DA:104,2
DA:105,2
DA:106,2
DA:107,2
DA:108,1
DA:109,0
DA:110,0
DA:111,0
DA:112,0
DA:113,0
DA:114,0
DA:115,0
DA:116,0
DA:117,0
DA:118,0
DA:119,0
DA:120,0
DA:121,0
DA:122,0
DA:123,0
DA:124,0
DA:125,0
LF:125
LH:108
BRDA:109,0,0,0
BRDA:1,1,0,6
BRDA:1,2,0,1
BRDA:1,3,0,3
BRDA:1,4,0,1
BRDA:1,5,0,0
BRDA:1,6,0,3
BRDA:1,7,0,2
BRDA:1,8,0,1
BRDA:1,9,0,2
BRDA:45,10,0,6
BRDA:46,11,0,0
BRDA:50,12,0,2
BRDA:51,13,0,0
BRDA:54,14,0,0
BRDA:52,15,0,17
BRDA:57,16,0,6
BRDA:58,17,0,3
BRDA:59,18,0,0
BRDA:60,19,0,3
BRDA:63,20,0,2
BRDA:64,21,0,1
BRDA:65,22,0,0
BRDA:66,23,0,1
BRDA:69,24,0,2
BRDA:104,25,0,1
BRDA:70,26,0,10
BRDA:70,27,0,7
BRDA:71,28,0,4
BRDA:74,29,0,10
BRDA:74,30,0,9
BRDA:75,31,0,2
BRDA:78,32,0,10
BRDA:79,33,0,10
BRDA:79,34,0,0
BRDA:83,35,0,10
BRDA:84,36,0,10
BRDA:85,37,0,10
BRDA:95,38,0,5
BRF:39
BRH:31
end_of_record
TN:
SF:src/lib/slots.ts
FN:1,__name
FN:1,__export
FN:1,__copyProps
FN:1,get
FN:1,__toCommonJS
FN:1,calcDataFinalProgramare
FN:1,computeFreeSlots
FN:1,formatSlotLabel
FN:12,normalizeStepMinutes
FN:17,resolveSlotStepMinutes
FN:33,parseHHMMOnDay
FN:41,calcDataFinalProgramare
FN:52,rangesOverlap
FN:57,computeFreeSlots
FN:105,formatSlotLabel
FNF:15
FNH:13
FNDA:7,__name
FNDA:1,__export
FNDA:1,__copyProps
FNDA:23,get
FNDA:1,__toCommonJS
FNDA:3,calcDataFinalProgramare
FNDA:20,computeFreeSlots
FNDA:0,formatSlotLabel
FNDA:19,normalizeStepMinutes
FNDA:19,resolveSlotStepMinutes
FNDA:39,parseHHMMOnDay
FNDA:3,calcDataFinalProgramare
FNDA:46,rangesOverlap
FNDA:20,computeFreeSlots
FNDA:0,formatSlotLabel
DA:1,1
DA:2,1
DA:3,1
DA:4,1
DA:5,1
DA:6,1
DA:7,1
DA:8,1
DA:9,1
DA:10,1
DA:11,1
DA:12,19
DA:13,19
DA:14,19
DA:15,19
DA:16,1
DA:17,19
DA:18,19
DA:19,19
DA:20,19
DA:21,19
DA:22,19
DA:23,1
DA:24,1
DA:25,19
DA:26,19
DA:27,19
DA:28,19
DA:29,19
DA:30,19
DA:31,19
DA:32,1
DA:33,39
DA:34,39
DA:35,39
DA:36,39
DA:37,39
DA:38,39
DA:39,1
DA:40,1
DA:41,1
DA:42,3
DA:43,3
DA:44,3
DA:45,3
DA:46,3
DA:47,3
DA:48,3
DA:49,3
DA:50,3
DA:51,1
DA:52,46
DA:53,46
DA:54,46
DA:55,1
DA:56,1
DA:57,1
DA:58,20
DA:59,20
DA:60,20
DA:61,20
DA:62,20
DA:63,20
DA:64,20
DA:65,20
DA:66,20
DA:67,20
DA:68,20
DA:69,20
DA:70,20
DA:71,20
DA:72,20
DA:73,20
DA:74,19
DA:75,19
DA:76,19
DA:77,20
DA:78,1
DA:79,1
DA:80,1
DA:81,1
DA:82,1
DA:83,1
DA:84,20
DA:85,20
DA:86,19
DA:87,19
DA:88,19
DA:89,20
DA:90,248
DA:91,248
DA:92,248
DA:93,248
DA:94,248
DA:95,248
DA:96,248
DA:97,248
DA:98,248
DA:99,237
DA:100,237
DA:101,248
DA:102,248
DA:103,20
DA:104,1
DA:105,1
DA:106,0
DA:107,0
DA:108,0
DA:109,0
DA:110,0
LF:110
LH:105
BRDA:105,0,0,0
BRDA:1,1,0,7
BRDA:1,2,0,1
BRDA:1,3,0,3
BRDA:1,4,0,1
BRDA:1,5,0,0
BRDA:1,6,0,3
BRDA:1,7,0,23
BRDA:1,8,0,1
BRDA:1,9,0,3
BRDA:1,10,0,20
BRDA:12,11,0,19
BRDA:13,12,0,0
BRDA:17,13,0,19
BRDA:22,14,0,1
BRDA:22,15,0,1
BRDA:23,16,0,0
BRDA:26,17,0,18
BRDA:26,18,0,0
BRDA:27,19,0,18
BRDA:27,20,0,0
BRDA:29,21,0,0
BRDA:30,22,0,18
BRDA:33,23,0,39
BRDA:36,24,0,0
BRDA:36,25,0,0
BRDA:41,26,0,3
BRDA:48,27,0,2
BRDA:48,28,0,1
BRDA:52,29,0,46
BRDA:53,30,0,19
BRDA:57,31,0,20
BRDA:71,32,0,1
BRDA:73,33,0,19
BRDA:77,34,0,1
BRDA:77,35,0,1
BRDA:85,36,0,19
BRDA:89,37,0,248
BRDA:91,38,0,234
BRDA:91,39,0,14
BRDA:93,40,0,4
BRDA:95,41,0,244
BRDA:96,42,0,18
BRDA:96,43,0,226
BRDA:97,44,0,239
BRDA:98,45,0,237
BRDA:85,46,0,1
BRDA:90,47,0,22
BRDA:95,48,0,28
BRF:49
BRH:40
end_of_record
TN:
SF:src/lib/auth/signout-handler.ts
FN:1,__name
FN:1,__export
FN:1,__copyProps
FN:1,get
FN:1,__toCommonJS
FN:1,handleSignoutRequest
FN:18,normalizedOrigin
FN:26,isAllowedSignoutRequest
FN:46,handleSignoutRequest
FN:68,getAll
FN:71,setAll
FNF:11
FNH:9
FNDA:3,__name
FNDA:1,__export
FNDA:1,__copyProps
FNDA:1,get
FNDA:1,__toCommonJS
FNDA:1,handleSignoutRequest
FNDA:2,normalizedOrigin
FNDA:1,isAllowedSignoutRequest
FNDA:1,handleSignoutRequest
FNDA:0,getAll
FNDA:0,setAll
DA:1,1
DA:2,1
DA:3,1
DA:4,1
DA:5,1
DA:6,1
DA:7,1
DA:8,1
DA:9,1
DA:10,1
DA:11,1
DA:12,1
DA:13,1
DA:14,1
DA:15,1
DA:16,1
DA:17,1
DA:18,2
DA:19,2
DA:20,2
DA:21,2
DA:22,0
DA:23,0
DA:24,2
DA:25,1
DA:26,1
DA:27,1
DA:28,1
DA:29,1
DA:30,1
DA:31,1
DA:32,1
DA:33,0
DA:34,1
DA:35,1
DA:36,1
DA:37,1
DA:38,1
DA:39,1
DA:40,1
DA:41,1
DA:42,1
DA:43,1
DA:44,1
DA:45,1
DA:46,1
DA:47,1
DA:48,0
DA:49,0
DA:50,0
DA:51,0
DA:52,0
DA:53,0
DA:54,1
DA:55,1
DA:56,1
DA:57,1
DA:58,0
DA:59,0
DA:60,1
DA:61,1
DA:62,1
DA:63,1
DA:64,1
DA:65,1
DA:66,1
DA:67,1
DA:68,1
DA:69,0
DA:70,0
DA:71,1
DA:72,0
DA:73,0
DA:74,0
DA:75,0
DA:76,1
DA:77,1
DA:78,1
DA:79,1
DA:80,1
DA:81,0
DA:82,0
DA:83,1
DA:84,1
DA:85,1
DA:86,1
LF:86
LH:67
BRDA:46,0,0,0
BRDA:1,1,0,3
BRDA:1,2,0,1
BRDA:1,3,0,1
BRDA:1,4,0,0
BRDA:1,5,0,1
BRDA:1,6,0,1
BRDA:1,7,0,1
BRDA:18,8,0,2
BRDA:21,9,0,0
BRDA:26,10,0,1
BRDA:27,11,0,0
BRDA:32,12,0,0
BRDA:41,13,0,0
BRDA:41,14,0,0
BRDA:43,15,0,0
BRDA:46,16,0,1
BRDA:47,17,0,0
BRDA:57,18,0,0
BRDA:62,19,0,0
BRDA:80,20,0,0
BRF:21
BRH:9
end_of_record
TN:
SF:src/lib/billing/config.ts
FN:1,__name
FN:1,__export
FN:1,__copyProps
FN:1,get
FN:1,__toCommonJS
FN:1,BILLING_PRICE_RON
FN:1,BILLING_TRIAL_DAYS
FN:1,billingEnabled
FN:1,getSiteUrl
FN:1,getStripePriceId
FN:1,isBillingEnabled
FN:6,isBillingEnabled
FN:12,getStripePriceId
FN:16,getSiteUrl
FNF:14
FNH:7
FNDA:3,__name
FNDA:1,__export
FNDA:1,__copyProps
FNDA:1,get
FNDA:1,__toCommonJS
FNDA:0,BILLING_PRICE_RON
FNDA:0,BILLING_TRIAL_DAYS
FNDA:1,billingEnabled
FNDA:0,getSiteUrl
FNDA:0,getStripePriceId
FNDA:0,isBillingEnabled
FNDA:1,isBillingEnabled
FNDA:0,getStripePriceId
FNDA:0,getSiteUrl
DA:1,1
DA:2,1
DA:3,1
DA:4,1
DA:5,1
DA:6,1
DA:7,1
DA:8,1
DA:9,1
DA:10,1
DA:11,1
DA:12,1
DA:13,0
DA:14,0
DA:15,1
DA:16,1
DA:17,0
DA:18,0
DA:19,0
LF:19
LH:14
BRDA:16,0,0,0
BRDA:1,1,0,3
BRDA:1,2,0,1
BRDA:1,3,0,6
BRDA:1,4,0,1
BRDA:1,5,0,0
BRDA:1,6,0,6
BRDA:1,7,0,1
BRDA:1,8,0,1
BRDA:1,9,0,1
BRDA:6,10,0,1
BRDA:7,11,0,0
BRF:12
BRH:9
end_of_record
TN:
SF:src/lib/billing/stripe-webhook-handler.ts
FN:1,__name
FN:1,__export
FN:1,__copyProps
FN:1,get
FN:1,__toCommonJS
FN:1,handleStripeWebhookRequest
FN:21,handleStripeWebhookRequest
FNF:7
FNH:7
FNDA:1,__name
FNDA:1,__export
FNDA:1,__copyProps
FNDA:6,get
FNDA:1,__toCommonJS
FNDA:6,handleStripeWebhookRequest
FNDA:6,handleStripeWebhookRequest
DA:1,1
DA:2,1
DA:3,1
DA:4,1
DA:5,1
DA:6,1
DA:7,1
DA:8,1
DA:9,1
DA:10,1
DA:11,1
DA:12,1
DA:13,1
DA:14,1
DA:15,1
DA:16,1
DA:17,1
DA:18,1
DA:19,1
DA:20,1
DA:21,6
DA:22,6
DA:23,6
DA:24,6
DA:25,6
DA:26,6
DA:27,1
DA:28,1
DA:29,6
DA:30,6
DA:31,6
DA:32,1
DA:33,1
DA:34,6
DA:35,6
DA:36,4
DA:37,4
DA:38,4
DA:39,4
DA:40,4
DA:41,4
DA:42,6
DA:43,1
DA:44,1
DA:45,1
DA:46,6
DA:47,6
DA:48,3
DA:49,6
DA:50,2
DA:51,2
DA:52,2
DA:53,2
DA:54,2
DA:55,6
DA:56,1
DA:57,1
DA:58,1
DA:59,1
DA:60,1
DA:61,1
DA:62,1
DA:63,1
DA:64,1
DA:65,1
DA:66,6
LF:66
LH:66
BRDA:21,0,0,0
BRDA:1,1,0,1
BRDA:1,2,0,1
BRDA:1,3,0,1
BRDA:1,4,0,0
BRDA:1,5,0,6
BRDA:1,6,0,1
BRDA:1,7,0,6
BRDA:21,8,0,6
BRDA:26,9,0,1
BRDA:30,10,0,5
BRDA:31,11,0,1
BRDA:35,12,0,4
BRDA:42,13,0,3
BRDA:42,14,0,1
BRDA:47,15,0,3
BRDA:49,16,0,2
BRDA:55,17,0,1
BRF:18
BRH:16
end_of_record
TN:
SF:src/lib/billing/stripe-webhook-service.ts
FN:1,__name
FN:1,__export
FN:1,__copyProps
FN:1,get
FN:1,__toCommonJS
FN:1,processStripeWebhookEvent
FN:29,readNumber
FN:34,toIsoOrNull
FN:42,resolveProfesionistId
FN:92,upsertSubscriptionFromEvent
FN:123,processBusinessEvent
FN:215,getOrCreateWebhookRecord
FN:238,processStripeWebhookEvent
FNF:13
FNH:6
FNDA:7,__name
FNDA:1,__export
FNDA:1,__copyProps
FNDA:1,get
FNDA:1,__toCommonJS
FNDA:1,processStripeWebhookEvent
FNDA:0,readNumber
FNDA:0,toIsoOrNull
FNDA:0,resolveProfesionistId
FNDA:0,upsertSubscriptionFromEvent
FNDA:0,processBusinessEvent
FNDA:0,getOrCreateWebhookRecord
FNDA:0,processStripeWebhookEvent
DA:1,1
DA:2,1
DA:3,1
DA:4,1
DA:5,1
DA:6,1
DA:7,1
DA:8,1
DA:9,1
DA:10,1
DA:11,1
DA:12,1
DA:13,1
DA:14,1
DA:15,1
DA:16,1
DA:17,1
DA:18,1
DA:19,1
DA:20,1
DA:21,1
DA:22,1
DA:23,1
DA:24,1
DA:25,1
DA:26,1
DA:27,1
DA:28,1
DA:29,0
DA:30,0
DA:31,0
DA:32,0
DA:33,1
DA:34,0
DA:35,0
DA:36,0
DA:37,0
DA:38,0
DA:39,0
DA:40,0
DA:41,1
DA:42,0
DA:43,0
DA:44,0
DA:45,0
DA:46,0
DA:47,0
DA:48,0
DA:49,0
DA:50,0
DA:51,0
DA:52,0
DA:53,0
DA:54,0
DA:55,0
DA:56,0
DA:57,0
DA:58,0
DA:59,0
DA:60,0
DA:61,0
DA:62,0
DA:63,0
DA:64,0
DA:65,0
DA:66,0
DA:67,0
DA:68,0
DA:69,0
DA:70,0
DA:71,0
DA:72,0
DA:73,0
DA:74,0
DA:75,0
DA:76,0
DA:77,0
DA:78,0
DA:79,0
DA:80,0
DA:81,0
DA:82,0
DA:83,0
DA:84,0
DA:85,0
DA:86,0
DA:87,0
DA:88,0
DA:89,0
DA:90,0
DA:91,1
DA:92,0
DA:93,0
DA:94,0
DA:95,0
DA:96,0
DA:97,0
DA:98,0
DA:99,0
DA:100,0
DA:101,0
DA:102,0
DA:103,0
DA:104,0
DA:105,0
DA:106,0
DA:107,0
DA:108,0
DA:109,0
DA:110,0
DA:111,0
DA:112,0
DA:113,0
DA:114,0
DA:115,0
DA:116,0
DA:117,0
DA:118,0
DA:119,0
DA:120,0
DA:121,0
DA:122,1
DA:123,0
DA:124,0
DA:125,0
DA:126,0
DA:127,0
DA:128,0
DA:129,0
DA:130,0
DA:131,0
DA:132,0
DA:133,0
DA:134,0
DA:135,0
DA:136,0
DA:137,0
DA:138,0
DA:139,0
DA:140,0
DA:141,0
DA:142,0
DA:143,0
DA:144,0
DA:145,0
DA:146,0
DA:147,0
DA:148,0
DA:149,0
DA:150,0
DA:151,0
DA:152,0
DA:153,0
DA:154,0
DA:155,0
DA:156,0
DA:157,0
DA:158,0
DA:159,0
DA:160,0
DA:161,0
DA:162,0
DA:163,0
DA:164,0
DA:165,0
DA:166,0
DA:167,0
DA:168,0
DA:169,0
DA:170,0
DA:171,0
DA:172,0
DA:173,0
DA:174,0
DA:175,0
DA:176,0
DA:177,0
DA:178,0
DA:179,0
DA:180,0
DA:181,0
DA:182,0
DA:183,0
DA:184,0
DA:185,0
DA:186,0
DA:187,0
DA:188,0
DA:189,0
DA:190,0
DA:191,0
DA:192,0
DA:193,0
DA:194,0
DA:195,0
DA:196,0
DA:197,0
DA:198,0
DA:199,0
DA:200,0
DA:201,0
DA:202,0
DA:203,0
DA:204,0
DA:205,0
DA:206,0
DA:207,0
DA:208,0
DA:209,0
DA:210,0
DA:211,0
DA:212,0
DA:213,0
DA:214,1
DA:215,0
DA:216,0
DA:217,0
DA:218,0
DA:219,0
DA:220,0
DA:221,0
DA:222,0
DA:223,0
DA:224,0
DA:225,0
DA:226,0
DA:227,0
DA:228,0
DA:229,0
DA:230,0
DA:231,0
DA:232,0
DA:233,0
DA:234,0
DA:235,0
DA:236,0
DA:237,1
DA:238,0
DA:239,0
DA:240,0
DA:241,0
DA:242,0
DA:243,0
DA:244,0
DA:245,0
DA:246,0
DA:247,0
DA:248,0
DA:249,0
DA:250,0
DA:251,0
DA:252,0
DA:253,0
DA:254,0
DA:255,0
DA:256,0
DA:257,0
DA:258,0
DA:259,0
DA:260,0
DA:261,0
DA:262,0
DA:263,0
DA:264,0
DA:265,0
DA:266,0
DA:267,0
DA:268,0
DA:269,0
DA:270,0
DA:271,0
DA:272,0
DA:273,0
DA:274,0
DA:275,0
DA:276,0
DA:277,0
DA:278,0
DA:279,0
DA:280,0
DA:281,0
DA:282,0
DA:283,0
DA:284,0
DA:285,0
DA:286,0
DA:287,0
DA:288,0
DA:289,0
DA:290,0
DA:291,0
DA:292,0
DA:293,0
DA:294,0
DA:295,0
DA:296,0
DA:297,0
DA:298,0
DA:299,0
DA:300,0
DA:301,0
LF:301
LH:34
BRDA:238,0,0,0
BRDA:1,1,0,7
BRDA:1,2,0,1
BRDA:1,3,0,1
BRDA:1,4,0,0
BRDA:1,5,0,1
BRDA:1,6,0,1
BRDA:1,7,0,1
BRF:8
BRH:6
end_of_record
TN:
SF:src/lib/billing/stripe.ts
FN:1,__name
FN:1,__export
FN:1,__copyProps
FN:1,get
FN:1,__toESM
FN:1,__toCommonJS
FN:1,getStripeClient
FN:1,stripe
FN:6,getStripeClient
FNF:9
FNH:7
FNDA:1,__name
FNDA:1,__export
FNDA:2,__copyProps
FNDA:1,get
FNDA:1,__toESM
FNDA:1,__toCommonJS
FNDA:1,getStripeClient
FNDA:0,stripe
FNDA:0,getStripeClient
DA:1,1
DA:2,1
DA:3,1
DA:4,1
DA:5,1
DA:6,1
DA:7,0
DA:8,0
DA:9,0
DA:10,0
DA:11,0
DA:12,0
DA:13,0
DA:14,0
DA:15,0
DA:16,0
DA:17,0
DA:18,0
DA:19,0
DA:20,0
DA:21,0
DA:22,1
DA:23,1
DA:24,1
LF:24
LH:9
BRDA:24,0,0,0
BRDA:24,1,0,0
BRDA:1,2,0,1
BRDA:1,3,0,1
BRDA:1,4,0,2
BRDA:1,5,0,2
BRDA:1,6,0,1
BRDA:1,7,0,26
BRDA:1,8,0,1
BRDA:1,9,0,1
BRDA:1,10,0,0
BRDA:1,11,0,0
BRDA:1,12,0,1
BRDA:1,13,0,1
BRF:14
BRH:10
end_of_record
TN:
SF:src/lib/billing/webhook-events-repository.ts
FN:1,__name
FN:1,__export
FN:1,__copyProps
FN:1,get
FN:1,__toCommonJS
FN:1,findWebhookEventByStripeId
FN:1,insertPendingWebhookEvent
FN:1,markWebhookEventFailed
FN:1,markWebhookEventProcessed
FN:1,resetWebhookEventToPending
FN:16,findWebhookEventByStripeId
FN:33,insertPendingWebhookEvent
FN:59,markWebhookEventProcessed
FN:77,markWebhookEventFailed
FN:96,resetWebhookEventToPending
FNF:15
FNH:4
FNDA:5,__name
FNDA:1,__export
FNDA:1,__copyProps
FNDA:0,get
FNDA:1,__toCommonJS
FNDA:0,findWebhookEventByStripeId
FNDA:0,insertPendingWebhookEvent
FNDA:0,markWebhookEventFailed
FNDA:0,markWebhookEventProcessed
FNDA:0,resetWebhookEventToPending
FNDA:0,findWebhookEventByStripeId
FNDA:0,insertPendingWebhookEvent
FNDA:0,markWebhookEventProcessed
FNDA:0,markWebhookEventFailed
FNDA:0,resetWebhookEventToPending
DA:1,0
DA:2,1
DA:3,1
DA:4,1
DA:5,1
DA:6,1
DA:7,1
DA:8,1
DA:9,1
DA:10,1
DA:11,1
DA:12,1
DA:13,1
DA:14,1
DA:15,1
DA:16,0
DA:17,0
DA:18,0
DA:19,0
DA:20,0
DA:21,0
DA:22,0
DA:23,0
DA:24,0
DA:25,0
DA:26,0
DA:27,0
DA:28,0
DA:29,0
DA:30,0
DA:31,0
DA:32,1
DA:33,0
DA:34,0
DA:35,0
DA:36,0
DA:37,0
DA:38,0
DA:39,0
DA:40,0
DA:41,0
DA:42,0
DA:43,0
DA:44,0
DA:45,0
DA:46,0
DA:47,0
DA:48,0
DA:49,0
DA:50,0
DA:51,0
DA:52,0
DA:53,0
DA:54,0
DA:55,0
DA:56,0
DA:57,0
DA:58,1
DA:59,0
DA:60,0
DA:61,0
DA:62,0
DA:63,0
DA:64,0
DA:65,0
DA:66,0
DA:67,0
DA:68,0
DA:69,0
DA:70,0
DA:71,0
DA:72,0
DA:73,0
DA:74,0
DA:75,0
DA:76,1
DA:77,0
DA:78,0
DA:79,0
DA:80,0
DA:81,0
DA:82,0
DA:83,0
DA:84,0
DA:85,0
DA:86,0
DA:87,0
DA:88,0
DA:89,0
DA:90,0
DA:91,0
DA:92,0
DA:93,0
DA:94,0
DA:95,1
DA:96,0
DA:97,0
DA:98,0
DA:99,0
DA:100,0
DA:101,0
DA:102,0
DA:103,0
DA:104,0
DA:105,0
DA:106,0
DA:107,0
DA:108,0
DA:109,0
DA:110,0
DA:111,0
DA:112,0
LF:112
LH:18
BRDA:96,0,0,0
BRDA:1,1,0,5
BRDA:1,2,0,1
BRDA:1,3,0,5
BRDA:1,4,0,1
BRDA:1,5,0,0
BRDA:1,6,0,5
BRDA:1,7,0,1
BRF:8
BRH:6
end_of_record
TN:
SF:src/lib/booking/book-request-handler.ts
FN:1,__name
FN:1,__export
FN:1,__copyProps
FN:1,get
FN:1,__toCommonJS
FN:1,handleBookRequest
FN:63,handleBookRequest
FNF:7
FNH:7
FNDA:1,__name
FNDA:1,__export
FNDA:1,__copyProps
FNDA:11,get
FNDA:1,__toCommonJS
FNDA:11,handleBookRequest
FNDA:11,handleBookRequest
DA:1,1
DA:2,1
DA:3,1
DA:4,1
DA:5,1
DA:6,1
DA:7,1
DA:8,1
DA:9,1
DA:10,1
DA:11,1
DA:12,1
DA:13,1
DA:14,1
DA:15,1
DA:16,1
DA:17,1
DA:18,1
DA:19,1
DA:20,1
DA:21,1
DA:22,1
DA:23,1
DA:24,1
DA:25,1
DA:26,1
DA:27,1
DA:28,1
DA:29,1
DA:30,1
DA:31,1
DA:32,1
DA:33,1
DA:34,1
DA:35,1
DA:36,1
DA:37,1
DA:38,1
DA:39,1
DA:40,1
DA:41,1
DA:42,1
DA:43,1
DA:44,1
DA:45,1
DA:46,1
DA:47,1
DA:48,1
DA:49,1
DA:50,1
DA:51,1
DA:52,1
DA:53,1
DA:54,1
DA:55,1
DA:56,1
DA:57,1
DA:58,1
DA:59,1
DA:60,1
DA:61,1
DA:62,1
DA:63,11
DA:64,11
DA:65,11
DA:66,11
DA:67,11
DA:68,11
DA:69,11
DA:70,11
DA:71,11
DA:72,11
DA:73,11
DA:74,11
DA:75,1
DA:76,1
DA:77,0
DA:78,0
DA:79,1
DA:80,1
DA:81,1
DA:82,1
DA:83,11
DA:84,10
DA:85,10
DA:86,1
DA:87,1
DA:88,10
DA:89,11
DA:90,11
DA:91,2
DA:92,2
DA:93,2
DA:94,2
DA:95,2
DA:96,2
DA:97,2
DA:98,2
DA:99,11
DA:100,11
DA:101,9
DA:102,9
DA:103,9
DA:104,9
DA:105,11
DA:106,1
DA:107,1
DA:108,1
DA:109,1
DA:110,1
DA:111,1
DA:112,1
DA:113,1
DA:114,11
DA:115,11
DA:116,11
DA:117,0
DA:118,0
DA:119,0
DA:120,0
DA:121,0
DA:122,0
DA:123,0
DA:124,0
DA:125,11
DA:126,11
DA:127,8
DA:128,8
DA:129,8
DA:130,8
DA:131,8
DA:132,8
DA:133,8
DA:134,8
DA:135,8
DA:136,11
DA:137,11
DA:138,11
DA:139,11
DA:140,11
DA:141,11
DA:142,2
DA:143,2
DA:144,2
DA:145,2
DA:146,2
DA:147,2
DA:148,2
DA:149,2
DA:150,2
DA:151,11
DA:152,11
DA:153,6
DA:154,6
DA:155,6
DA:156,11
DA:157,1
DA:158,1
DA:159,11
DA:160,1
DA:161,1
DA:162,11
DA:163,11
DA:164,6
DA:165,6
DA:166,6
DA:167,6
DA:168,6
DA:169,6
DA:170,11
DA:171,0
DA:172,0
DA:173,0
DA:174,0
DA:175,0
DA:176,0
DA:177,0
DA:178,0
DA:179,0
DA:180,0
DA:181,11
LF:181
LH:161
BRDA:63,0,0,0
BRDA:1,1,0,1
BRDA:1,2,0,1
BRDA:1,3,0,1
BRDA:1,4,0,0
BRDA:1,5,0,11
BRDA:1,6,0,1
BRDA:1,7,0,11
BRDA:30,8,0,10
BRDA:34,9,0,10
BRDA:35,10,0,10
BRDA:42,11,0,10
BRDA:42,12,0,2
BRDA:63,13,0,11
BRDA:74,14,0,1
BRDA:76,15,0,0
BRDA:80,16,0,0
BRDA:83,17,0,10
BRDA:84,18,0,0
BRDA:85,19,0,1
BRDA:90,20,0,2
BRDA:100,21,0,9
BRDA:105,22,0,1
BRDA:115,23,0,8
BRDA:116,24,0,0
BRDA:126,25,0,8
BRDA:136,26,0,1
BRDA:141,27,0,8
BRDA:141,28,0,2
BRDA:144,29,0,1
BRDA:144,30,0,0
BRDA:152,31,0,6
BRDA:156,32,0,1
BRDA:159,33,0,6
BRDA:159,34,0,1
BRDA:163,35,0,6
BRDA:170,36,0,0
BRF:37
BRH:29
end_of_record
TN:
SF:src/lib/booking/confirmation-link.ts
FN:1,__name
FN:1,__export
FN:1,__copyProps
FN:1,get
FN:1,__toCommonJS
FN:1,createBookingConfirmationLink
FN:1,verifyBookingConfirmationLink
FN:11,getSecret
FN:19,signPayload
FN:24,createBookingConfirmationLink
FN:42,verifyBookingConfirmationLink
FNF:11
FNH:4
FNDA:8,__name
FNDA:2,__export
FNDA:2,__copyProps
FNDA:0,get
FNDA:2,__toCommonJS
FNDA:0,createBookingConfirmationLink
FNDA:0,verifyBookingConfirmationLink
FNDA:0,getSecret
FNDA:0,signPayload
FNDA:0,createBookingConfirmationLink
FNDA:0,verifyBookingConfirmationLink
DA:1,1
DA:2,1
DA:3,1
DA:4,1
DA:5,1
DA:6,1
DA:7,1
DA:8,1
DA:9,1
DA:10,1
DA:11,0
DA:12,0
DA:13,0
DA:14,0
DA:15,0
DA:16,0
DA:17,0
DA:18,1
DA:19,0
DA:20,0
DA:21,0
DA:22,0
DA:23,1
DA:24,1
DA:25,0
DA:26,0
DA:27,0
DA:28,0
DA:29,0
DA:30,0
DA:31,0
DA:32,0
DA:33,0
DA:34,0
DA:35,0
DA:36,0
DA:37,0
DA:38,0
DA:39,0
DA:40,0
DA:41,1
DA:42,1
DA:43,0
DA:44,0
DA:45,0
DA:46,0
DA:47,0
DA:48,0
DA:49,0
DA:50,0
DA:51,0
DA:52,0
DA:53,0
DA:54,0
DA:55,0
DA:56,0
DA:57,0
DA:58,0
DA:59,0
DA:60,0
DA:61,0
DA:62,0
DA:63,0
DA:64,0
DA:65,0
DA:66,0
DA:67,0
DA:68,0
DA:69,0
DA:70,0
DA:71,0
DA:72,0
DA:73,0
DA:74,0
LF:74
LH:15
BRDA:42,0,0,0
BRDA:1,1,0,8
BRDA:1,2,0,2
BRDA:1,3,0,4
BRDA:1,4,0,2
BRDA:1,5,0,0
BRDA:1,6,0,4
BRDA:1,7,0,2
BRF:8
BRH:6
end_of_record
TN:
SF:src/lib/booking/insert-programare.ts
FN:1,__name
FN:1,__export
FN:1,__copyProps
FN:1,get
FN:1,__toCommonJS
FN:1,createBookingAtomic
FN:1,insertProgramareForProfSlug
FN:28,createBookingAtomic
FN:84,insertProgramareForProfSlug
FN:160,mapAtomicBookingErrorCode
FNF:10
FNH:8
FNDA:6,__name
FNDA:2,__export
FNDA:2,__copyProps
FNDA:20,get
FNDA:2,__toCommonJS
FNDA:0,createBookingAtomic
FNDA:20,insertProgramareForProfSlug
FNDA:0,createBookingAtomic
FNDA:19,insertProgramareForProfSlug
FNDA:13,mapAtomicBookingErrorCode
DA:1,20
DA:2,1
DA:3,1
DA:4,1
DA:5,1
DA:6,1
DA:7,1
DA:8,1
DA:9,1
DA:10,1
DA:11,1
DA:12,1
DA:13,1
DA:14,1
DA:15,1
DA:16,1
DA:17,1
DA:18,1
DA:19,1
DA:20,1
DA:21,1
DA:22,1
DA:23,1
DA:24,1
DA:25,1
DA:26,1
DA:27,1
DA:28,0
DA:29,0
DA:30,0
DA:31,0
DA:32,0
DA:33,0
DA:34,0
DA:35,0
DA:36,0
DA:37,0
DA:38,0
DA:39,0
DA:40,0
DA:41,0
DA:42,0
DA:43,0
DA:44,0
DA:45,0
DA:46,0
DA:47,0
DA:48,0
DA:49,0
DA:50,0
DA:51,0
DA:52,0
DA:53,0
DA:54,0
DA:55,0
DA:56,0
DA:57,0
DA:58,0
DA:59,0
DA:60,0
DA:61,0
DA:62,0
DA:63,0
DA:64,0
DA:65,0
DA:66,0
DA:67,0
DA:68,0
DA:69,0
DA:70,0
DA:71,0
DA:72,0
DA:73,0
DA:74,0
DA:75,0
DA:76,0
DA:77,0
DA:78,1
DA:79,1
DA:80,1
DA:81,1
DA:82,1
DA:83,1
DA:84,19
DA:85,19
DA:86,19
DA:87,19
DA:88,19
DA:89,19
DA:90,19
DA:91,19
DA:92,19
DA:93,19
DA:94,19
DA:95,19
DA:96,19
DA:97,19
DA:98,19
DA:99,19
DA:100,19
DA:101,19
DA:102,19
DA:103,19
DA:104,19
DA:105,19
DA:106,19
DA:107,19
DA:108,19
DA:109,19
DA:110,19
DA:111,19
DA:112,1
DA:113,1
DA:114,1
DA:115,1
DA:116,1
DA:117,1
DA:118,1
DA:119,19
DA:120,19
DA:121,1
DA:122,1
DA:123,1
DA:124,1
DA:125,1
DA:126,1
DA:127,1
DA:128,19
DA:129,19
DA:130,16
DA:131,19
DA:132,3
DA:133,3
DA:134,3
DA:135,3
DA:136,3
DA:137,3
DA:138,19
DA:139,19
DA:140,19
DA:141,13
DA:142,13
DA:143,13
DA:144,13
DA:145,13
DA:146,13
DA:147,19
DA:148,1
DA:149,1
DA:150,1
DA:151,1
DA:152,1
DA:153,1
DA:154,1
DA:155,19
DA:156,1
DA:157,1
DA:158,1
DA:159,1
DA:160,13
DA:161,13
DA:162,13
DA:163,1
DA:164,1
DA:165,1
DA:166,1
DA:167,1
DA:168,13
DA:169,4
DA:170,13
DA:171,1
DA:172,1
DA:173,1
DA:174,1
DA:175,1
DA:176,1
DA:177,1
DA:178,1
DA:179,1
DA:180,1
DA:181,1
DA:182,13
DA:183,13
LF:183
LH:133
BRDA:160,0,0,0
BRDA:1,1,0,6
BRDA:1,2,0,2
BRDA:1,3,0,4
BRDA:1,4,0,2
BRDA:1,5,0,0
BRDA:1,6,0,4
BRDA:1,7,0,20
BRDA:1,8,0,2
BRDA:1,9,0,20
BRDA:84,10,0,19
BRDA:90,11,0,1
BRDA:90,12,0,18
BRDA:111,13,0,18
BRDA:111,14,0,1
BRDA:120,15,0,17
BRDA:120,16,0,16
BRDA:120,17,0,1
BRDA:129,18,0,16
BRDA:131,19,0,3
BRDA:140,20,0,13
BRDA:147,21,0,1
BRDA:160,22,0,13
BRDA:162,23,0,1
BRDA:168,24,0,4
BRDA:170,25,0,1
BRF:26
BRH:24
end_of_record
TN:
SF:src/lib/booking/normalize-booking-slug.ts
FN:1,__name
FN:1,__export
FN:1,__copyProps
FN:1,get
FN:1,__toCommonJS
FN:1,normalizeBookingSlug
FN:1,normalizeBookingSlug
FNF:7
FNH:7
FNDA:2,__name
FNDA:2,__export
FNDA:2,__copyProps
FNDA:11,get
FNDA:2,__toCommonJS
FNDA:11,normalizeBookingSlug
FNDA:11,normalizeBookingSlug
DA:1,1
DA:2,11
DA:3,11
LF:3
LH:3
BRDA:1,0,0,0
BRDA:1,1,0,2
BRDA:1,2,0,2
BRDA:1,3,0,2
BRDA:1,4,0,0
BRDA:1,5,0,11
BRDA:1,6,0,2
BRDA:1,7,0,11
BRDA:1,8,0,11
BRF:9
BRH:7
end_of_record
TN:
SF:src/lib/config/env.ts
FN:1,__name
FN:1,__export
FN:1,__copyProps
FN:1,get
FN:1,__toCommonJS
FN:1,assertCriticalServerEnv
FN:1,env
FN:1,getEnv
FN:1,getOptionalEnv
FN:21,readRaw
FN:31,getEnv
FN:39,getOptionalEnv
FN:43,assertCriticalServerEnv
FNF:13
FNH:9
FNDA:20,__name
FNDA:5,__export
FNDA:5,__copyProps
FNDA:20,get
FNDA:5,__toCommonJS
FNDA:0,assertCriticalServerEnv
FNDA:20,env
FNDA:0,getEnv
FNDA:0,getOptionalEnv
FNDA:20,readRaw
FNDA:13,getEnv
FNDA:7,getOptionalEnv
FNDA:0,assertCriticalServerEnv
DA:1,1
DA:2,1
DA:3,1
DA:4,1
DA:5,1
DA:6,1
DA:7,1
DA:8,1
DA:9,1
DA:10,1
DA:11,1
DA:12,1
DA:13,1
DA:14,1
DA:15,1
DA:16,1
DA:17,1
DA:18,1
DA:19,1
DA:20,1
DA:21,20
DA:22,20
DA:23,20
DA:24,6
DA:25,6
DA:26,20
DA:27,20
DA:28,18
DA:29,20
DA:30,1
DA:31,1
DA:32,13
DA:33,13
DA:34,4
DA:35,4
DA:36,13
DA:37,13
DA:38,1
DA:39,1
DA:40,7
DA:41,7
DA:42,1
DA:43,1
DA:44,0
DA:45,0
DA:46,0
DA:47,0
DA:48,1
DA:49,1
DA:50,1
DA:51,1
DA:52,1
DA:53,0
LF:53
LH:48
BRDA:53,0,0,0
BRDA:1,1,0,20
BRDA:1,2,0,5
BRDA:1,3,0,20
BRDA:1,4,0,5
BRDA:1,5,0,0
BRDA:1,6,0,20
BRDA:1,7,0,20
BRDA:1,8,0,5
BRDA:1,9,0,20
BRDA:21,10,0,20
BRDA:23,11,0,6
BRDA:27,12,0,18
BRDA:27,13,0,14
BRDA:28,14,0,0
BRDA:31,15,0,13
BRDA:33,16,0,4
BRDA:36,17,0,9
BRDA:39,18,0,7
BRF:19
BRH:16
end_of_record
TN:
SF:src/lib/domain/booking/errors.ts
FN:1,__name
FN:1,__export
FN:1,__copyProps
FN:1,get
FN:1,__toCommonJS
FN:1,BlockedClientError
FN:1,BookingError
FN:1,NoSubscriptionError
FN:1,SlotConflictError
FN:1,<static_initializer>
FN:4,BookingError
FN:10,<static_initializer>
FN:13,SlotConflictError
FN:19,<static_initializer>
FN:22,BlockedClientError
FN:28,<static_initializer>
FN:31,NoSubscriptionError
FNF:17
FNH:8
FNDA:8,__name
FNDA:2,__export
FNDA:2,__copyProps
FNDA:0,get
FNDA:2,__toCommonJS
FNDA:0,BlockedClientError
FNDA:0,BookingError
FNDA:0,NoSubscriptionError
FNDA:0,SlotConflictError
FNDA:2,<static_initializer>
FNDA:0,BookingError
FNDA:2,<static_initializer>
FNDA:0,SlotConflictError
FNDA:2,<static_initializer>
FNDA:0,BlockedClientError
FNDA:2,<static_initializer>
FNDA:0,NoSubscriptionError
DA:1,1
DA:2,2
DA:3,2
DA:4,2
DA:5,0
DA:6,0
DA:7,0
DA:8,2
DA:9,1
DA:10,1
DA:11,2
DA:12,2
DA:13,2
DA:14,0
DA:15,0
DA:16,0
DA:17,2
DA:18,1
DA:19,1
DA:20,2
DA:21,2
DA:22,2
DA:23,0
DA:24,0
DA:25,0
DA:26,2
DA:27,1
DA:28,1
DA:29,2
DA:30,2
DA:31,2
DA:32,0
DA:33,0
DA:34,0
DA:35,2
LF:35
LH:23
BRDA:35,0,0,0
BRDA:1,1,0,8
BRDA:1,2,0,2
BRDA:1,3,0,8
BRDA:1,4,0,2
BRDA:1,5,0,0
BRDA:1,6,0,8
BRDA:1,7,0,2
BRDA:1,8,0,2
BRDA:10,9,0,2
BRDA:19,10,0,2
BRDA:28,11,0,2
BRF:12
BRH:10
end_of_record
TN:
SF:src/lib/email/email-queue.ts
FN:1,__name
FN:1,__export
FN:1,__copyProps
FN:1,get
FN:1,__toCommonJS
FN:1,claimQueuedEmails
FN:1,enqueueEmail
FN:1,markEmailFailed
FN:1,markEmailSent
FN:20,resolveAdmin
FN:24,enqueueEmail
FN:49,claimQueuedEmails
FN:60,markEmailSent
FN:77,getBackoffMinutes
FN:84,markEmailFailed
FNF:15
FNH:13
FNDA:18,__name
FNDA:3,__export
FNDA:3,__copyProps
FNDA:4,get
FNDA:3,__toCommonJS
FNDA:2,claimQueuedEmails
FNDA:0,enqueueEmail
FNDA:1,markEmailFailed
FNDA:1,markEmailSent
FNDA:4,resolveAdmin
FNDA:0,enqueueEmail
FNDA:2,claimQueuedEmails
FNDA:1,markEmailSent
FNDA:1,getBackoffMinutes
FNDA:1,markEmailFailed
DA:1,1
DA:2,1
DA:3,1
DA:4,1
DA:5,1
DA:6,1
DA:7,1
DA:8,1
DA:9,1
DA:10,1
DA:11,1
DA:12,1
DA:13,1
DA:14,1
DA:15,1
DA:16,1
DA:17,1
DA:18,1
DA:19,1
DA:20,4
DA:21,4
DA:22,4
DA:23,1
DA:24,0
DA:25,0
DA:26,0
DA:27,0
DA:28,0
DA:29,0
DA:30,0
DA:31,0
DA:32,0
DA:33,0
DA:34,0
DA:35,0
DA:36,0
DA:37,0
DA:38,0
DA:39,0
DA:40,0
DA:41,0
DA:42,0
DA:43,0
DA:44,0
DA:45,0
DA:46,0
DA:47,0
DA:48,1
DA:49,2
DA:50,2
DA:51,2
DA:52,2
DA:53,2
DA:54,0
DA:55,0
DA:56,2
DA:57,2
DA:58,2
DA:59,1
DA:60,1
DA:61,1
DA:62,1
DA:63,1
DA:64,1
DA:65,1
DA:66,1
DA:67,1
DA:68,1
DA:69,1
DA:70,1
DA:71,1
DA:72,1
DA:73,0
DA:74,0
DA:75,1
DA:76,1
DA:77,1
DA:78,1
DA:79,1
DA:80,0
DA:81,0
DA:82,1
DA:83,1
DA:84,1
DA:85,1
DA:86,1
DA:87,1
DA:88,1
DA:89,1
DA:90,0
DA:91,0
DA:92,0
DA:93,0
DA:94,0
DA:95,0
DA:96,0
DA:97,0
DA:98,0
DA:99,0
DA:100,0
DA:101,0
DA:102,0
DA:103,0
DA:104,0
DA:105,0
DA:106,1
DA:107,1
DA:108,1
DA:109,1
DA:110,1
DA:111,1
DA:112,1
DA:113,1
DA:114,1
DA:115,1
DA:116,1
DA:117,1
DA:118,1
DA:119,1
DA:120,0
DA:121,0
DA:122,1
LF:122
LH:74
BRDA:84,0,0,0
BRDA:1,1,0,18
BRDA:1,2,0,3
BRDA:1,3,0,12
BRDA:1,4,0,3
BRDA:1,5,0,0
BRDA:1,6,0,12
BRDA:1,7,0,4
BRDA:1,8,0,3
BRDA:1,9,0,2
BRDA:1,10,0,1
BRDA:1,11,0,1
BRDA:20,12,0,4
BRDA:21,13,0,0
BRDA:49,14,0,2
BRDA:53,15,0,0
BRDA:57,16,0,0
BRDA:60,17,0,1
BRDA:72,18,0,0
BRDA:77,19,0,1
BRDA:79,20,0,0
BRDA:84,21,0,1
BRDA:89,22,0,0
BRDA:119,23,0,0
BRF:24
BRH:15
end_of_record
TN:
SF:src/lib/email/programare-notify.ts
FN:1,__name
FN:1,__export
FN:1,__copyProps
FN:1,get
FN:1,__toCommonJS
FN:1,notifyClientBookingCancelledByProvider
FN:1,notifyClientBookingConfirmation
FN:1,notifyClientBookingRescheduledByProvider
FN:1,notifyClientPostCompletion
FN:1,notifyClientReminder
FN:1,notifyProfesionistClientResponse
FN:1,notifyProfesionistDespreProgramare
FN:1,notifyProfesionistNewProgramare
FN:11,escapeHtml
FN:33,notifyProfesionistNewProgramare
FN:57,notifyProfesionistDespreProgramare
FN:93,notifyClientBookingConfirmation
FN:167,notifyClientBookingCancelledByProvider
FN:214,notifyClientBookingRescheduledByProvider
FN:267,notifyClientReminder
FN:368,notifyClientPostCompletion
FN:427,notifyProfesionistClientResponse
FNF:22
FNH:9
FNDA:18,__name
FNDA:2,__export
FNDA:2,__copyProps
FNDA:10,get
FNDA:2,__toCommonJS
FNDA:0,notifyClientBookingCancelledByProvider
FNDA:1,notifyClientBookingConfirmation
FNDA:0,notifyClientBookingRescheduledByProvider
FNDA:0,notifyClientPostCompletion
FNDA:0,notifyClientReminder
FNDA:0,notifyProfesionistClientResponse
FNDA:1,notifyProfesionistDespreProgramare
FNDA:8,notifyProfesionistNewProgramare
FNDA:0,escapeHtml
FNDA:8,notifyProfesionistNewProgramare
FNDA:0,notifyProfesionistDespreProgramare
FNDA:0,notifyClientBookingConfirmation
FNDA:0,notifyClientBookingCancelledByProvider
FNDA:0,notifyClientBookingRescheduledByProvider
FNDA:0,notifyClientReminder
FNDA:0,notifyClientPostCompletion
FNDA:0,notifyProfesionistClientResponse
DA:1,1
DA:2,1
DA:3,1
DA:4,1
DA:5,1
DA:6,1
DA:7,1
DA:8,1
DA:9,1
DA:10,1
DA:11,0
DA:12,0
DA:13,0
DA:14,0
DA:15,0
DA:16,0
DA:17,0
DA:18,0
DA:19,1
DA:20,1
DA:21,1
DA:22,1
DA:23,1
DA:24,1
DA:25,1
DA:26,1
DA:27,1
DA:28,1
DA:29,1
DA:30,1
DA:31,1
DA:32,1
DA:33,8
DA:34,8
DA:35,8
DA:36,8
DA:37,8
DA:38,8
DA:39,8
DA:40,8
DA:41,2
DA:42,2
DA:43,8
DA:44,8
DA:45,6
DA:46,6
DA:47,6
DA:48,6
DA:49,6
DA:50,6
DA:51,8
DA:52,1
DA:53,1
DA:54,1
DA:55,1
DA:56,1
DA:57,0
DA:58,0
DA:59,0
DA:60,0
DA:61,0
DA:62,0
DA:63,0
DA:64,0
DA:65,0
DA:66,0
DA:67,0
DA:68,0
DA:69,0
DA:70,0
DA:71,0
DA:72,0
DA:73,0
DA:74,0
DA:75,0
DA:76,0
DA:77,0
DA:78,0
DA:79,0
DA:80,0
DA:81,0
DA:82,0
DA:83,0
DA:84,0
DA:85,0
DA:86,0
DA:87,0
DA:88,0
DA:89,0
DA:90,0
DA:91,0
DA:92,1
DA:93,0
DA:94,0
DA:95,0
DA:96,0
DA:97,0
DA:98,0
DA:99,0
DA:100,0
DA:101,0
DA:102,0
DA:103,0
DA:104,0
DA:105,0
DA:106,0
DA:107,0
DA:108,0
DA:109,0
DA:110,0
DA:111,0
DA:112,0
DA:113,0
DA:114,0
DA:115,0
DA:116,0
DA:117,0
DA:118,0
DA:119,0
DA:120,0
DA:121,0
DA:122,0
DA:123,0
DA:124,0
DA:125,0
DA:126,0
DA:127,0
DA:128,0
DA:129,0
DA:130,0
DA:131,0
DA:132,0
DA:133,0
DA:134,0
DA:135,0
DA:136,0
DA:137,0
DA:138,0
DA:139,0
DA:140,0
DA:141,0
DA:142,0
DA:143,0
DA:144,0
DA:145,0
DA:146,0
DA:147,0
DA:148,0
DA:149,0
DA:150,0
DA:151,0
DA:152,0
DA:153,0
DA:154,0
DA:155,0
DA:156,0
DA:157,0
DA:158,0
DA:159,0
DA:160,0
DA:161,0
DA:162,0
DA:163,0
DA:164,0
DA:165,0
DA:166,1
DA:167,0
DA:168,0
DA:169,0
DA:170,0
DA:171,0
DA:172,0
DA:173,0
DA:174,0
DA:175,0
DA:176,0
DA:177,0
DA:178,0
DA:179,0
DA:180,0
DA:181,0
DA:182,0
DA:183,0
DA:184,0
DA:185,0
DA:186,0
DA:187,0
DA:188,0
DA:189,0
DA:190,0
DA:191,0
DA:192,0
DA:193,0
DA:194,0
DA:195,0
DA:196,0
DA:197,0
DA:198,0
DA:199,0
DA:200,0
DA:201,0
DA:202,0
DA:203,0
DA:204,0
DA:205,0
DA:206,0
DA:207,0
DA:208,0
DA:209,0
DA:210,0
DA:211,0
DA:212,0
DA:213,1
DA:214,0
DA:215,0
DA:216,0
DA:217,0
DA:218,0
DA:219,0
DA:220,0
DA:221,0
DA:222,0
DA:223,0
DA:224,0
DA:225,0
DA:226,0
DA:227,0
DA:228,0
DA:229,0
DA:230,0
DA:231,0
DA:232,0
DA:233,0
DA:234,0
DA:235,0
DA:236,0
DA:237,0
DA:238,0
DA:239,0
DA:240,0
DA:241,0
DA:242,0
DA:243,0
DA:244,0
DA:245,0
DA:246,0
DA:247,0
DA:248,0
DA:249,0
DA:250,0
DA:251,0
DA:252,0
DA:253,0
DA:254,0
DA:255,0
DA:256,0
DA:257,0
DA:258,0
DA:259,0
DA:260,0
DA:261,0
DA:262,0
DA:263,0
DA:264,0
DA:265,0
DA:266,1
DA:267,0
DA:268,0
DA:269,0
DA:270,0
DA:271,0
DA:272,0
DA:273,0
DA:274,0
DA:275,0
DA:276,0
DA:277,0
DA:278,0
DA:279,0
DA:280,0
DA:281,0
DA:282,0
DA:283,0
DA:284,0
DA:285,0
DA:286,0
DA:287,0
DA:288,0
DA:289,0
DA:290,0
DA:291,0
DA:292,0
DA:293,0
DA:294,0
DA:295,0
DA:296,0
DA:297,0
DA:298,0
DA:299,0
DA:300,0
DA:301,0
DA:302,0
DA:303,0
DA:304,0
DA:305,0
DA:306,0
DA:307,0
DA:308,0
DA:309,0
DA:310,0
DA:311,0
DA:312,0
DA:313,0
DA:314,0
DA:315,0
DA:316,0
DA:317,0
DA:318,0
DA:319,0
DA:320,0
DA:321,0
DA:322,0
DA:323,0
DA:324,0
DA:325,0
DA:326,0
DA:327,0
DA:328,0
DA:329,0
DA:330,0
DA:331,0
DA:332,0
DA:333,0
DA:334,0
DA:335,0
DA:336,0
DA:337,0
DA:338,0
DA:339,0
DA:340,0
DA:341,0
DA:342,0
DA:343,0
DA:344,0
DA:345,0
DA:346,0
DA:347,0
DA:348,0
DA:349,0
DA:350,0
DA:351,0
DA:352,0
DA:353,0
DA:354,0
DA:355,0
DA:356,0
DA:357,0
DA:358,0
DA:359,0
DA:360,0
DA:361,0
DA:362,0
DA:363,0
DA:364,0
DA:365,0
DA:366,0
DA:367,1
DA:368,0
DA:369,0
DA:370,0
DA:371,0
DA:372,0
DA:373,0
DA:374,0
DA:375,0
DA:376,0
DA:377,0
DA:378,0
DA:379,0
DA:380,0
DA:381,0
DA:382,0
DA:383,0
DA:384,0
DA:385,0
DA:386,0
DA:387,0
DA:388,0
DA:389,0
DA:390,0
DA:391,0
DA:392,0
DA:393,0
DA:394,0
DA:395,0
DA:396,0
DA:397,0
DA:398,0
DA:399,0
DA:400,0
DA:401,0
DA:402,0
DA:403,0
DA:404,0
DA:405,0
DA:406,0
DA:407,0
DA:408,0
DA:409,0
DA:410,0
DA:411,0
DA:412,0
DA:413,0
DA:414,0
DA:415,0
DA:416,0
DA:417,0
DA:418,0
DA:419,0
DA:420,0
DA:421,0
DA:422,0
DA:423,0
DA:424,0
DA:425,0
DA:426,1
DA:427,0
DA:428,0
DA:429,0
DA:430,0
DA:431,0
DA:432,0
DA:433,0
DA:434,0
DA:435,0
DA:436,0
DA:437,0
DA:438,0
DA:439,0
DA:440,0
DA:441,0
DA:442,0
DA:443,0
DA:444,0
DA:445,0
DA:446,0
DA:447,0
DA:448,0
DA:449,0
DA:450,0
DA:451,0
DA:452,0
DA:453,0
DA:454,0
DA:455,0
DA:456,0
DA:457,0
DA:458,0
DA:459,0
DA:460,0
DA:461,0
DA:462,0
DA:463,0
DA:464,0
DA:465,0
DA:466,0
DA:467,0
LF:467
LH:54
BRDA:427,0,0,0
BRDA:1,1,0,18
BRDA:1,2,0,2
BRDA:1,3,0,16
BRDA:1,4,0,2
BRDA:1,5,0,0
BRDA:1,6,0,16
BRDA:1,7,0,10
BRDA:1,8,0,2
BRDA:1,9,0,1
BRDA:1,10,0,1
BRDA:1,11,0,8
BRDA:33,12,0,8
BRDA:39,13,0,7
BRDA:40,14,0,2
BRDA:44,15,0,6
BRF:16
BRH:14
end_of_record
TN:
SF:src/lib/email/resend.ts
FN:1,__name
FN:1,__export
FN:1,__copyProps
FN:1,get
FN:1,__toCommonJS
FN:1,sendResendEmail
FN:3,sendResendEmail
FNF:7
FNH:7
FNDA:3,__name
FNDA:3,__export
FNDA:3,__copyProps
FNDA:6,get
FNDA:3,__toCommonJS
FNDA:6,sendResendEmail
FNDA:6,sendResendEmail
DA:1,1
DA:2,1
DA:3,6
DA:4,6
DA:5,6
DA:6,6
DA:7,6
DA:8,6
DA:9,6
DA:10,6
DA:11,6
DA:12,6
DA:13,6
DA:14,6
DA:15,6
DA:16,6
DA:17,6
DA:18,6
DA:19,6
DA:20,6
DA:21,6
DA:22,6
DA:23,6
DA:24,6
DA:25,6
DA:26,6
DA:27,6
DA:28,6
DA:29,6
DA:30,1
DA:31,1
DA:32,1
DA:33,6
LF:33
LH:33
BRDA:3,0,0,0
BRDA:1,1,0,3
BRDA:1,2,0,3
BRDA:1,3,0,3
BRDA:1,4,0,0
BRDA:1,5,0,6
BRDA:1,6,0,3
BRDA:1,7,0,6
BRDA:3,8,0,6
BRDA:29,9,0,4
BRDA:29,10,0,1
BRDA:31,11,0,0
BRF:12
BRH:9
end_of_record
TN:
SF:src/lib/jobs/send-emails.ts
FN:1,__name
FN:1,__export
FN:1,__copyProps
FN:1,get
FN:1,__toCommonJS
FN:1,runSendEmailsJob
FN:22,runSendEmailsJob
FNF:7
FNH:7
FNDA:1,__name
FNDA:1,__export
FNDA:1,__copyProps
FNDA:2,get
FNDA:1,__toCommonJS
FNDA:2,runSendEmailsJob
FNDA:2,runSendEmailsJob
DA:1,2
DA:2,1
DA:3,1
DA:4,1
DA:5,1
DA:6,1
DA:7,1
DA:8,1
DA:9,1
DA:10,1
DA:11,1
DA:12,1
DA:13,1
DA:14,1
DA:15,1
DA:16,1
DA:17,1
DA:18,1
DA:19,1
DA:20,1
DA:21,1
DA:22,2
DA:23,2
DA:24,2
DA:25,2
DA:26,2
DA:27,2
DA:28,2
DA:29,2
DA:30,2
DA:31,2
DA:32,2
DA:33,2
DA:34,2
DA:35,2
DA:36,2
DA:37,2
DA:38,2
DA:39,2
DA:40,2
DA:41,0
DA:42,0
DA:43,2
DA:44,2
DA:45,2
DA:46,2
DA:47,2
DA:48,2
DA:49,2
DA:50,2
DA:51,2
DA:52,2
DA:53,1
DA:54,1
DA:55,1
DA:56,1
DA:57,1
DA:58,1
DA:59,0
DA:60,1
DA:61,1
DA:62,1
DA:63,1
DA:64,1
DA:65,1
DA:66,1
DA:67,1
DA:68,1
DA:69,1
DA:70,1
DA:71,2
DA:72,2
DA:73,2
DA:74,2
DA:75,2
DA:76,2
DA:77,2
DA:78,2
DA:79,2
DA:80,2
DA:81,2
DA:82,2
LF:82
LH:79
BRDA:22,0,0,0
BRDA:1,1,0,1
BRDA:1,2,0,1
BRDA:1,3,0,1
BRDA:1,4,0,0
BRDA:1,5,0,2
BRDA:1,6,0,1
BRDA:1,7,0,2
BRDA:22,8,0,2
BRDA:24,9,0,0
BRDA:37,10,0,0
BRDA:38,11,0,0
BRDA:40,12,0,0
BRDA:40,13,0,0
BRDA:52,14,0,1
BRDA:55,15,0,0
BRDA:58,16,0,0
BRF:17
BRH:8
end_of_record
TN:
SF:src/lib/supabase/admin.ts
FN:1,__name
FN:1,__export
FN:1,__copyProps
FN:1,get
FN:1,__toCommonJS
FN:1,createSupabaseServiceClient
FN:6,createSupabaseServiceClient
FNF:7
FNH:7
FNDA:5,__name
FNDA:5,__export
FNDA:5,__copyProps
FNDA:4,get
FNDA:5,__toCommonJS
FNDA:4,createSupabaseServiceClient
FNDA:2,createSupabaseServiceClient
DA:1,1
DA:2,1
DA:3,1
DA:4,1
DA:5,1
DA:6,1
DA:7,2
DA:8,2
DA:9,2
DA:10,2
DA:11,2
DA:12,2
LF:12
LH:12
BRDA:6,0,0,0
BRDA:1,1,0,5
BRDA:1,2,0,5
BRDA:1,3,0,5
BRDA:1,4,0,0
BRDA:1,5,0,4
BRDA:1,6,0,5
BRDA:1,7,0,4
BRDA:6,8,0,2
BRF:9
BRH:7
end_of_record
TN:
SF:src/lib/supabase/auth-bridge.ts
FN:1,__name
FN:1,__export
FN:1,__copyProps
FN:1,get
FN:1,__toCommonJS
FN:1,getAuthBridgeAction
FN:1,getErrorMessage
FN:1,getSafeNext
FN:9,getSafeNext
FN:15,getErrorMessage
FN:21,getAuthBridgeAction
FNF:11
FNH:11
FNDA:3,__name
FNDA:1,__export
FNDA:1,__copyProps
FNDA:11,get
FNDA:1,__toCommonJS
FNDA:4,getAuthBridgeAction
FNDA:3,getErrorMessage
FNDA:4,getSafeNext
FNDA:4,getSafeNext
FNDA:3,getErrorMessage
FNDA:4,getAuthBridgeAction
DA:1,4
DA:2,1
DA:3,1
DA:4,1
DA:5,1
DA:6,1
DA:7,1
DA:8,1
DA:9,1
DA:10,4
DA:11,4
DA:12,4
DA:13,4
DA:14,1
DA:15,1
DA:16,3
DA:17,3
DA:18,1
DA:19,3
DA:20,1
DA:21,1
DA:22,4
DA:23,4
DA:24,4
DA:25,4
DA:26,4
DA:27,4
DA:28,4
DA:29,4
DA:30,1
DA:31,1
DA:32,4
DA:33,4
DA:34,1
DA:35,1
DA:36,4
DA:37,4
DA:38,1
DA:39,1
DA:40,1
DA:41,1
DA:42,4
LF:42
LH:42
BRDA:21,0,0,0
BRDA:1,1,0,3
BRDA:1,2,0,1
BRDA:1,3,0,3
BRDA:1,4,0,1
BRDA:1,5,0,0
BRDA:1,6,0,3
BRDA:1,7,0,11
BRDA:1,8,0,1
BRDA:1,9,0,4
BRDA:1,10,0,3
BRDA:1,11,0,4
BRDA:9,12,0,4
BRDA:10,13,0,1
BRDA:11,14,0,3
BRDA:11,15,0,2
BRDA:11,16,0,1
BRDA:11,17,0,2
BRDA:12,18,0,1
BRDA:15,19,0,3
BRDA:16,20,0,1
BRDA:17,21,0,2
BRDA:17,22,0,1
BRDA:21,23,0,4
BRDA:22,24,0,2
BRDA:24,25,0,2
BRDA:25,26,0,3
BRDA:26,27,0,3
BRDA:27,28,0,3
BRDA:29,29,0,1
BRDA:33,30,0,3
BRDA:33,31,0,2
BRDA:33,32,0,1
BRDA:33,33,0,0
BRDA:33,34,0,1
BRDA:37,35,0,2
BRDA:37,36,0,1
BRDA:37,37,0,1
BRF:38
BRH:35
end_of_record
